TN:
SF:src/app.controller.ts
FN:6,(anonymous_2)
FN:9,(anonymous_3)
FNF:2
FNH:0
FNDA:0,(anonymous_2)
FNDA:0,(anonymous_3)
DA:1,0
DA:2,0
DA:5,0
DA:6,0
DA:9,0
DA:10,0
LF:6
LH:0
BRF:0
BRH:0
end_of_record
TN:
SF:src/app.service.ts
FN:5,(anonymous_1)
FNF:1
FNH:0
FNDA:0,(anonymous_1)
DA:1,0
DA:4,0
DA:6,0
LF:3
LH:0
BRF:0
BRH:0
end_of_record
TN:
SF:src/common/exceptions/custom.exception.ts
FN:4,(anonymous_0)
FNF:1
FNH:1
FNDA:2,(anonymous_0)
DA:1,1
DA:3,1
DA:5,2
LF:3
LH:3
BRF:0
BRH:0
end_of_record
TN:
SF:src/common/pipes/validation.pipe.ts
FN:12,(anonymous_1)
FN:26,(anonymous_2)
FN:31,(anonymous_3)
FN:34,(anonymous_4)
FNF:4
FNH:0
FNDA:0,(anonymous_1)
FNDA:0,(anonymous_2)
FNDA:0,(anonymous_3)
FNDA:0,(anonymous_4)
DA:1,0
DA:7,0
DA:8,0
DA:11,0
DA:13,0
DA:14,0
DA:16,0
DA:17,0
DA:19,0
DA:20,0
DA:21,0
DA:23,0
DA:27,0
DA:28,0
DA:32,0
DA:34,0
DA:35,0
DA:36,0
DA:37,0
DA:39,0
DA:40,0
DA:44,0
LF:22
LH:0
BRDA:13,0,0,0
BRDA:13,1,0,0
BRDA:13,1,1,0
BRDA:19,2,0,0
BRDA:36,3,0,0
BRDA:36,3,1,0
BRDA:36,4,0,0
BRDA:36,4,1,0
BRDA:39,5,0,0
BRDA:39,5,1,0
BRF:10
BRH:0
end_of_record
TN:
SF:src/modules/country/country.controller.ts
FN:18,(anonymous_4)
FN:21,(anonymous_5)
FN:26,(anonymous_6)
FN:28,(anonymous_7)
FN:37,(anonymous_8)
FN:46,(anonymous_9)
FN:51,(anonymous_10)
FNF:7
FNH:7
FNDA:8,(anonymous_4)
FNDA:1,(anonymous_5)
FNDA:1,(anonymous_6)
FNDA:1,(anonymous_7)
FNDA:1,(anonymous_8)
FNDA:2,(anonymous_9)
FNDA:2,(anonymous_10)
DA:1,1
DA:10,1
DA:11,1
DA:12,1
DA:13,1
DA:17,1
DA:18,8
DA:21,1
DA:22,1
DA:26,1
DA:27,1
DA:28,1
DA:29,1
DA:30,1
DA:31,1
DA:32,1
DA:37,1
DA:38,1
DA:39,1
DA:40,1
DA:41,1
DA:42,1
DA:46,1
DA:47,2
DA:51,1
DA:52,2
LF:26
LH:26
BRF:0
BRH:0
end_of_record
TN:
SF:src/modules/country/country.service.ts
FN:10,(anonymous_4)
FN:15,(anonymous_5)
FN:20,(anonymous_6)
FN:24,(anonymous_7)
FN:34,(anonymous_8)
FN:43,(anonymous_9)
FNF:6
FNH:6
FNDA:9,(anonymous_4)
FNDA:1,(anonymous_5)
FNDA:1,(anonymous_6)
FNDA:6,(anonymous_7)
FNDA:2,(anonymous_8)
FNDA:2,(anonymous_9)
DA:1,2
DA:2,2
DA:3,2
DA:4,2
DA:9,2
DA:12,9
DA:16,1
DA:17,1
DA:21,1
DA:25,6
DA:28,6
DA:29,3
DA:31,3
DA:38,2
DA:39,1
DA:40,1
DA:44,2
DA:45,1
LF:18
LH:18
BRDA:28,0,0,3
BRF:1
BRH:1
end_of_record
TN:
SF:src/modules/country/dtos/country-output.dto.ts
FNF:0
FNH:0
DA:1,1
LF:1
LH:1
BRF:0
BRH:0
end_of_record
TN:
SF:src/modules/country/dtos/create-country.dto.ts
FNF:0
FNH:0
DA:1,1
LF:1
LH:1
BRF:0
BRH:0
end_of_record
TN:
SF:src/modules/country/dtos/update-country.dto.ts
FNF:0
FNH:0
DA:1,1
LF:1
LH:1
BRF:0
BRH:0
end_of_record
TN:
SF:src/modules/country/entities/country.entity.ts
FN:19,(anonymous_2)
FN:19,(anonymous_3)
FNF:2
FNH:0
FNDA:0,(anonymous_2)
FNDA:0,(anonymous_3)
DA:1,8
DA:2,8
DA:12,8
DA:14,8
DA:17,8
DA:19,0
DA:20,8
DA:23,8
DA:26,8
DA:29,8
LF:10
LH:9
BRF:0
BRH:0
end_of_record
TN:
SF:src/modules/element/element.controller.ts
FN:7,(anonymous_4)
FN:10,(anonymous_5)
FN:19,(anonymous_6)
FNF:3
FNH:3
FNDA:2,(anonymous_4)
FNDA:2,(anonymous_5)
FNDA:1,(anonymous_6)
DA:1,1
DA:2,1
DA:3,1
DA:6,1
DA:7,2
DA:10,1
DA:14,2
DA:19,2
DA:20,1
DA:21,1
DA:22,1
DA:23,1
DA:27,1
DA:36,1
LF:14
LH:14
BRF:0
BRH:0
end_of_record
TN:
SF:src/modules/element/element.service.ts
FN:7,(anonymous_2)
FN:9,(anonymous_3)
FNF:2
FNH:2
FNDA:2,(anonymous_2)
FNDA:2,(anonymous_3)
DA:1,2
DA:2,2
DA:3,2
DA:6,2
DA:7,2
DA:13,2
LF:6
LH:6
BRF:0
BRH:0
end_of_record
TN:
SF:src/modules/element/dtos/element.dto.ts
FNF:0
FNH:0
DA:3,1
DA:10,1
LF:2
LH:2
BRF:0
BRH:0
end_of_record
TN:
SF:src/modules/element/entities/element.entity.ts
FN:21,(anonymous_2)
FN:21,(anonymous_3)
FN:25,(anonymous_4)
FN:25,(anonymous_5)
FNF:4
FNH:0
FNDA:0,(anonymous_2)
FNDA:0,(anonymous_3)
FNDA:0,(anonymous_4)
FNDA:0,(anonymous_5)
DA:1,8
DA:2,8
DA:3,8
DA:14,8
DA:16,8
DA:19,8
DA:21,0
DA:23,8
DA:25,0
DA:27,8
DA:30,8
DA:33,8
DA:36,8
LF:13
LH:11
BRF:0
BRH:0
end_of_record
TN:
SF:src/modules/field/field.controller.ts
FNF:0
FNH:0
DA:1,0
DA:4,0
LF:2
LH:0
BRF:0
BRH:0
end_of_record
TN:
SF:src/modules/field/field.service.ts
FNF:0
FNH:0
DA:1,0
DA:4,0
LF:2
LH:0
BRF:0
BRH:0
end_of_record
TN:
SF:src/modules/field/entities/field.entity.ts
FN:19,(anonymous_2)
FN:19,(anonymous_3)
FNF:2
FNH:0
FNDA:0,(anonymous_2)
FNDA:0,(anonymous_3)
DA:1,8
DA:2,8
DA:12,8
DA:14,8
DA:17,8
DA:19,0
DA:20,8
DA:23,8
DA:26,8
DA:29,8
LF:10
LH:9
BRF:0
BRH:0
end_of_record
TN:
SF:src/modules/norm/norm.controller.ts
FN:7,(anonymous_4)
FN:10,(anonymous_5)
FNF:2
FNH:2
FNDA:2,(anonymous_4)
FNDA:3,(anonymous_5)
DA:1,1
DA:2,1
DA:3,1
DA:6,1
DA:7,2
DA:10,1
DA:11,3
DA:12,3
DA:14,2
LF:9
LH:9
BRF:0
BRH:0
end_of_record
TN:
SF:src/modules/norm/norm.service.ts
FN:11,(anonymous_2)
FN:13,(anonymous_3)
FNF:2
FNH:2
FNDA:4,(anonymous_2)
FNDA:4,(anonymous_3)
DA:1,2
DA:2,2
DA:4,2
DA:5,2
DA:6,2
DA:7,2
DA:10,2
DA:11,4
DA:14,4
DA:15,4
DA:16,4
DA:18,4
DA:19,4
DA:23,4
DA:24,1
DA:27,3
DA:29,3
DA:30,3
DA:31,3
DA:33,3
DA:35,2
DA:36,2
DA:38,2
DA:42,2
DA:43,1
DA:46,1
DA:47,1
DA:48,1
DA:50,1
DA:53,1
DA:55,3
DA:56,3
DA:58,4
LF:33
LH:33
BRDA:23,0,0,1
BRDA:42,1,0,1
BRF:2
BRH:2
end_of_record
TN:
SF:src/modules/norm/dtos/create-norm.dto.ts
FN:20,(anonymous_2)
FNF:1
FNH:0
FNDA:0,(anonymous_2)
DA:1,1
DA:2,1
DA:9,1
DA:11,1
DA:13,1
DA:16,1
DA:20,0
DA:21,1
DA:24,1
DA:26,1
DA:29,1
LF:11
LH:10
BRF:0
BRH:0
end_of_record
TN:
SF:src/modules/norm/dtos/norm.dto.ts
FNF:0
FNH:0
DA:3,0
LF:1
LH:0
BRF:0
BRH:0
end_of_record
TN:
SF:src/modules/norm/entities/norm.entity.ts
FN:25,(anonymous_2)
FN:25,(anonymous_3)
FN:29,(anonymous_4)
FN:29,(anonymous_5)
FNF:4
FNH:0
FNDA:0,(anonymous_2)
FNDA:0,(anonymous_3)
FNDA:0,(anonymous_4)
FNDA:0,(anonymous_5)
DA:1,8
DA:2,8
DA:3,8
DA:15,8
DA:17,8
DA:20,8
DA:23,8
DA:25,0
DA:27,8
DA:29,0
DA:30,8
DA:33,8
DA:36,8
DA:39,8
LF:14
LH:12
BRF:0
BRH:0
end_of_record
TN:
SF:src/modules/type/type.controller.ts
FN:8,(anonymous_2)
FN:11,(anonymous_3)
FN:13,(anonymous_4)
FNF:3
FNH:3
FNDA:2,(anonymous_2)
FNDA:1,(anonymous_3)
FNDA:1,(anonymous_4)
DA:1,1
DA:2,1
DA:3,1
DA:7,1
DA:8,2
DA:11,1
DA:12,1
DA:13,1
DA:14,1
DA:15,1
DA:16,1
DA:17,1
DA:18,1
DA:19,1
DA:20,1
DA:21,1
LF:16
LH:16
BRF:0
BRH:0
end_of_record
TN:
SF:src/modules/type/type.service.ts
FN:8,(anonymous_4)
FN:13,(anonymous_5)
FNF:2
FNH:2
FNDA:2,(anonymous_4)
FNDA:1,(anonymous_5)
DA:1,2
DA:2,2
DA:3,2
DA:4,2
DA:7,2
DA:10,2
DA:14,1
LF:7
LH:7
BRF:0
BRH:0
end_of_record
TN:
SF:src/modules/type/dtos/type-with-fields.dto.ts
FNF:0
FNH:0
DA:1,1
DA:6,1
LF:2
LH:2
BRF:0
BRH:0
end_of_record
TN:
SF:src/modules/type/entities/type.entity.ts
FN:22,(anonymous_2)
FN:22,(anonymous_3)
FN:25,(anonymous_4)
FN:25,(anonymous_5)
FNF:4
FNH:0
FNDA:0,(anonymous_2)
FNDA:0,(anonymous_3)
FNDA:0,(anonymous_4)
FNDA:0,(anonymous_5)
DA:1,8
DA:2,8
DA:3,8
DA:15,8
DA:17,8
DA:20,8
DA:22,0
DA:23,8
DA:25,0
DA:27,8
DA:30,8
DA:33,8
DA:36,8
LF:13
LH:11
BRF:0
BRH:0
end_of_record
